24-12-07 07:32:00.367 [cluster-ClusterId{value='6753d5596f5fe30b5d3ba15a', description='null'}-cluster0-shard-00-00.bture.mongodb.net:27017] INFO  org.mongodb.driver.cluster - Exception in monitor thread while connecting to server cluster0-shard-00-00.bture.mongodb.net:27017 
com.mongodb.MongoSocketException: cluster0-shard-00-00.bture.mongodb.net
	at com.mongodb.ServerAddress.getSocketAddresses(ServerAddress.java:217)
	at com.mongodb.internal.connection.SocketStream.initializeSocket(SocketStream.java:75)
	at com.mongodb.internal.connection.SocketStream.open(SocketStream.java:65)
	at com.mongodb.internal.connection.InternalStreamConnection.open(InternalStreamConnection.java:180)
	at com.mongodb.internal.connection.DefaultServerMonitor$ServerMonitorRunnable.lookupServerDescription(DefaultServerMonitor.java:193)
	at com.mongodb.internal.connection.DefaultServerMonitor$ServerMonitorRunnable.run(DefaultServerMonitor.java:157)
	at java.base/java.lang.Thread.run(Thread.java:829)
Caused by: java.net.UnknownHostException: cluster0-shard-00-00.bture.mongodb.net
	at java.base/java.net.InetAddress$CachedAddresses.get(InetAddress.java:797)
	at java.base/java.net.InetAddress.getAllByName0(InetAddress.java:1533)
	at java.base/java.net.InetAddress.getAllByName(InetAddress.java:1386)
	at java.base/java.net.InetAddress.getAllByName(InetAddress.java:1307)
	at com.mongodb.ServerAddress.getSocketAddresses(ServerAddress.java:209)
	... 6 common frames omitted
24-12-07 07:32:01.229 [cluster-ClusterId{value='6753d5596f5fe30b5d3ba15a', description='null'}-cluster0-shard-00-02.bture.mongodb.net:27017] INFO  org.mongodb.driver.cluster - Exception in monitor thread while connecting to server cluster0-shard-00-02.bture.mongodb.net:27017 
com.mongodb.MongoSocketException: cluster0-shard-00-02.bture.mongodb.net
	at com.mongodb.ServerAddress.getSocketAddresses(ServerAddress.java:217)
	at com.mongodb.internal.connection.SocketStream.initializeSocket(SocketStream.java:75)
	at com.mongodb.internal.connection.SocketStream.open(SocketStream.java:65)
	at com.mongodb.internal.connection.InternalStreamConnection.open(InternalStreamConnection.java:180)
	at com.mongodb.internal.connection.DefaultServerMonitor$ServerMonitorRunnable.lookupServerDescription(DefaultServerMonitor.java:193)
	at com.mongodb.internal.connection.DefaultServerMonitor$ServerMonitorRunnable.run(DefaultServerMonitor.java:157)
	at java.base/java.lang.Thread.run(Thread.java:829)
Caused by: java.net.UnknownHostException: cluster0-shard-00-02.bture.mongodb.net
	at java.base/java.net.InetAddress$CachedAddresses.get(InetAddress.java:797)
	at java.base/java.net.InetAddress.getAllByName0(InetAddress.java:1533)
	at java.base/java.net.InetAddress.getAllByName(InetAddress.java:1386)
	at java.base/java.net.InetAddress.getAllByName(InetAddress.java:1307)
	at com.mongodb.ServerAddress.getSocketAddresses(ServerAddress.java:209)
	... 6 common frames omitted
24-12-07 07:32:02.302 [cluster-ClusterId{value='6753d5596f5fe30b5d3ba15a', description='null'}-cluster0-shard-00-01.bture.mongodb.net:27017] INFO  org.mongodb.driver.cluster - Exception in monitor thread while connecting to server cluster0-shard-00-01.bture.mongodb.net:27017 
com.mongodb.MongoSocketException: cluster0-shard-00-01.bture.mongodb.net
	at com.mongodb.ServerAddress.getSocketAddresses(ServerAddress.java:217)
	at com.mongodb.internal.connection.SocketStream.initializeSocket(SocketStream.java:75)
	at com.mongodb.internal.connection.SocketStream.open(SocketStream.java:65)
	at com.mongodb.internal.connection.InternalStreamConnection.open(InternalStreamConnection.java:180)
	at com.mongodb.internal.connection.DefaultServerMonitor$ServerMonitorRunnable.lookupServerDescription(DefaultServerMonitor.java:193)
	at com.mongodb.internal.connection.DefaultServerMonitor$ServerMonitorRunnable.run(DefaultServerMonitor.java:157)
	at java.base/java.lang.Thread.run(Thread.java:829)
Caused by: java.net.UnknownHostException: cluster0-shard-00-01.bture.mongodb.net
	at java.base/java.net.InetAddress$CachedAddresses.get(InetAddress.java:797)
	at java.base/java.net.InetAddress.getAllByName0(InetAddress.java:1533)
	at java.base/java.net.InetAddress.getAllByName(InetAddress.java:1386)
	at java.base/java.net.InetAddress.getAllByName(InetAddress.java:1307)
	at com.mongodb.ServerAddress.getSocketAddresses(ServerAddress.java:209)
	... 6 common frames omitted
24-12-07 07:32:07.398 [scheduling-1] INFO  org.mongodb.driver.cluster - No server chosen by com.mongodb.client.internal.MongoClientDelegate$1@1848c4eb from cluster description ClusterDescription{type=REPLICA_SET, connectionMode=MULTIPLE, serverDescriptions=[ServerDescription{address=cluster0-shard-00-00.bture.mongodb.net:27017, type=UNKNOWN, state=CONNECTING, exception={com.mongodb.MongoSocketException: cluster0-shard-00-00.bture.mongodb.net}, caused by {java.net.UnknownHostException: cluster0-shard-00-00.bture.mongodb.net}}, ServerDescription{address=cluster0-shard-00-02.bture.mongodb.net:27017, type=UNKNOWN, state=CONNECTING, exception={com.mongodb.MongoSocketException: cluster0-shard-00-02.bture.mongodb.net}, caused by {java.net.UnknownHostException: cluster0-shard-00-02.bture.mongodb.net}}, ServerDescription{address=cluster0-shard-00-01.bture.mongodb.net:27017, type=UNKNOWN, state=CONNECTING, exception={com.mongodb.MongoSocketException: cluster0-shard-00-01.bture.mongodb.net}, caused by {java.net.UnknownHostException: cluster0-shard-00-01.bture.mongodb.net}}]}. Waiting for 30000 ms before timing out 
24-12-07 07:32:19.392 [cluster-ClusterId{value='6753d5596f5fe30b5d3ba15a', description='null'}-cluster0-shard-00-00.bture.mongodb.net:27017] INFO  org.mongodb.driver.cluster - Exception in monitor thread while connecting to server cluster0-shard-00-00.bture.mongodb.net:27017 
com.mongodb.MongoSocketException: No such host is known (cluster0-shard-00-00.bture.mongodb.net)
	at com.mongodb.ServerAddress.getSocketAddresses(ServerAddress.java:217)
	at com.mongodb.internal.connection.SocketStream.initializeSocket(SocketStream.java:75)
	at com.mongodb.internal.connection.SocketStream.open(SocketStream.java:65)
	at com.mongodb.internal.connection.InternalStreamConnection.open(InternalStreamConnection.java:180)
	at com.mongodb.internal.connection.DefaultServerMonitor$ServerMonitorRunnable.lookupServerDescription(DefaultServerMonitor.java:193)
	at com.mongodb.internal.connection.DefaultServerMonitor$ServerMonitorRunnable.run(DefaultServerMonitor.java:157)
	at java.base/java.lang.Thread.run(Thread.java:829)
Caused by: java.net.UnknownHostException: No such host is known (cluster0-shard-00-00.bture.mongodb.net)
	at java.base/java.net.Inet6AddressImpl.lookupAllHostAddr(Native Method)
	at java.base/java.net.InetAddress$PlatformNameService.lookupAllHostAddr(InetAddress.java:930)
	at java.base/java.net.InetAddress.getAddressesFromNameService(InetAddress.java:1543)
	at java.base/java.net.InetAddress$NameServiceAddresses.get(InetAddress.java:848)
	at java.base/java.net.InetAddress.getAllByName0(InetAddress.java:1533)
	at java.base/java.net.InetAddress.getAllByName(InetAddress.java:1386)
	at java.base/java.net.InetAddress.getAllByName(InetAddress.java:1307)
	at com.mongodb.ServerAddress.getSocketAddresses(ServerAddress.java:209)
	... 6 common frames omitted
24-12-07 07:32:19.961 [cluster-ClusterId{value='6753d5596f5fe30b5d3ba15a', description='null'}-cluster0-shard-00-00.bture.mongodb.net:27017] INFO  org.mongodb.driver.cluster - Exception in monitor thread while connecting to server cluster0-shard-00-00.bture.mongodb.net:27017 
com.mongodb.MongoSocketException: cluster0-shard-00-00.bture.mongodb.net
	at com.mongodb.ServerAddress.getSocketAddresses(ServerAddress.java:217)
	at com.mongodb.internal.connection.SocketStream.initializeSocket(SocketStream.java:75)
	at com.mongodb.internal.connection.SocketStream.open(SocketStream.java:65)
	at com.mongodb.internal.connection.InternalStreamConnection.open(InternalStreamConnection.java:180)
	at com.mongodb.internal.connection.DefaultServerMonitor$ServerMonitorRunnable.lookupServerDescription(DefaultServerMonitor.java:193)
	at com.mongodb.internal.connection.DefaultServerMonitor$ServerMonitorRunnable.run(DefaultServerMonitor.java:157)
	at java.base/java.lang.Thread.run(Thread.java:829)
Caused by: java.net.UnknownHostException: cluster0-shard-00-00.bture.mongodb.net
	at java.base/java.net.InetAddress$CachedAddresses.get(InetAddress.java:797)
	at java.base/java.net.InetAddress.getAllByName0(InetAddress.java:1533)
	at java.base/java.net.InetAddress.getAllByName(InetAddress.java:1386)
	at java.base/java.net.InetAddress.getAllByName(InetAddress.java:1307)
	at com.mongodb.ServerAddress.getSocketAddresses(ServerAddress.java:209)
	... 6 common frames omitted
24-12-07 07:32:28.938 [cluster-ClusterId{value='6753d5596f5fe30b5d3ba15a', description='null'}-cluster0-shard-00-02.bture.mongodb.net:27017] INFO  org.mongodb.driver.connection - Opened connection [connectionId{localValue:157, serverValue:342659}] to cluster0-shard-00-02.bture.mongodb.net:27017 
24-12-07 07:32:28.940 [cluster-ClusterId{value='6753d5596f5fe30b5d3ba15a', description='null'}-cluster0-shard-00-02.bture.mongodb.net:27017] INFO  org.mongodb.driver.cluster - Monitor thread successfully connected to server with description ServerDescription{address=cluster0-shard-00-02.bture.mongodb.net:27017, type=REPLICA_SET_SECONDARY, state=CONNECTED, ok=true, minWireVersion=0, maxWireVersion=25, maxDocumentSize=16777216, logicalSessionTimeoutMinutes=30, roundTripTimeNanos=225896900, setName='atlas-p5w7l7-shard-0', canonicalAddress=cluster0-shard-00-02.bture.mongodb.net:27017, hosts=[cluster0-shard-00-00.bture.mongodb.net:27017, cluster0-shard-00-01.bture.mongodb.net:27017, cluster0-shard-00-02.bture.mongodb.net:27017], passives=[], arbiters=[], primary='cluster0-shard-00-01.bture.mongodb.net:27017', tagSet=TagSet{[Tag{name='availabilityZone', value='aps1-az2'}, Tag{name='diskState', value='READY'}, Tag{name='nodeType', value='ELECTABLE'}, Tag{name='provider', value='AWS'}, Tag{name='region', value='AP_SOUTH_1'}, Tag{name='workloadType', value='OPERATIONAL'}]}, electionId=null, setVersion=108, topologyVersion=TopologyVersion{processId=67482509b50e8e64e2a08e0b, counter=5}, lastWriteDate=Sat Dec 07 07:32:29 EST 2024, lastUpdateTimeNanos=116909632287700} 
24-12-07 07:32:29.249 [scheduling-1] INFO  org.mongodb.driver.cluster - No server chosen by ReadPreferenceServerSelector{readPreference=primary} from cluster description ClusterDescription{type=REPLICA_SET, connectionMode=MULTIPLE, serverDescriptions=[ServerDescription{address=cluster0-shard-00-00.bture.mongodb.net:27017, type=UNKNOWN, state=CONNECTING, exception={com.mongodb.MongoSocketException: cluster0-shard-00-00.bture.mongodb.net}, caused by {java.net.UnknownHostException: cluster0-shard-00-00.bture.mongodb.net}}, ServerDescription{address=cluster0-shard-00-02.bture.mongodb.net:27017, type=REPLICA_SET_SECONDARY, state=CONNECTED, ok=true, minWireVersion=0, maxWireVersion=25, maxDocumentSize=16777216, logicalSessionTimeoutMinutes=30, roundTripTimeNanos=225896900, setName='atlas-p5w7l7-shard-0', canonicalAddress=cluster0-shard-00-02.bture.mongodb.net:27017, hosts=[cluster0-shard-00-00.bture.mongodb.net:27017, cluster0-shard-00-01.bture.mongodb.net:27017, cluster0-shard-00-02.bture.mongodb.net:27017], passives=[], arbiters=[], primary='cluster0-shard-00-01.bture.mongodb.net:27017', tagSet=TagSet{[Tag{name='availabilityZone', value='aps1-az2'}, Tag{name='diskState', value='READY'}, Tag{name='nodeType', value='ELECTABLE'}, Tag{name='provider', value='AWS'}, Tag{name='region', value='AP_SOUTH_1'}, Tag{name='workloadType', value='OPERATIONAL'}]}, electionId=null, setVersion=108, topologyVersion=TopologyVersion{processId=67482509b50e8e64e2a08e0b, counter=5}, lastWriteDate=Sat Dec 07 07:32:29 EST 2024, lastUpdateTimeNanos=116909632287700}, ServerDescription{address=cluster0-shard-00-01.bture.mongodb.net:27017, type=UNKNOWN, state=CONNECTING, exception={com.mongodb.MongoSocketException: cluster0-shard-00-01.bture.mongodb.net}, caused by {java.net.UnknownHostException: cluster0-shard-00-01.bture.mongodb.net}}]}. Waiting for 30000 ms before timing out 
24-12-07 07:32:29.605 [cluster-ClusterId{value='6753d5596f5fe30b5d3ba15a', description='null'}-cluster0-shard-00-01.bture.mongodb.net:27017] INFO  org.mongodb.driver.connection - Opened connection [connectionId{localValue:159, serverValue:388487}] to cluster0-shard-00-01.bture.mongodb.net:27017 
24-12-07 07:32:34.721 [cluster-ClusterId{value='6753d5596f5fe30b5d3ba15a', description='null'}-cluster0-shard-00-01.bture.mongodb.net:27017] INFO  org.mongodb.driver.cluster - Monitor thread successfully connected to server with description ServerDescription{address=cluster0-shard-00-01.bture.mongodb.net:27017, type=REPLICA_SET_PRIMARY, state=CONNECTED, ok=true, minWireVersion=0, maxWireVersion=25, maxDocumentSize=16777216, logicalSessionTimeoutMinutes=30, roundTripTimeNanos=308307600, setName='atlas-p5w7l7-shard-0', canonicalAddress=cluster0-shard-00-01.bture.mongodb.net:27017, hosts=[cluster0-shard-00-00.bture.mongodb.net:27017, cluster0-shard-00-01.bture.mongodb.net:27017, cluster0-shard-00-02.bture.mongodb.net:27017], passives=[], arbiters=[], primary='cluster0-shard-00-01.bture.mongodb.net:27017', tagSet=TagSet{[Tag{name='availabilityZone', value='aps1-az3'}, Tag{name='diskState', value='READY'}, Tag{name='nodeType', value='ELECTABLE'}, Tag{name='provider', value='AWS'}, Tag{name='region', value='AP_SOUTH_1'}, Tag{name='workloadType', value='OPERATIONAL'}]}, electionId=7fffffff00000000000001c2, setVersion=108, topologyVersion=TopologyVersion{processId=6748191a189b6e0ac3fa9f8f, counter=9}, lastWriteDate=Sat Dec 07 07:32:30 EST 2024, lastUpdateTimeNanos=116910299679000} 
24-12-07 07:32:34.722 [cluster-ClusterId{value='6753d5596f5fe30b5d3ba15a', description='null'}-cluster0-shard-00-01.bture.mongodb.net:27017] INFO  org.mongodb.driver.cluster - Discovered replica set primary cluster0-shard-00-01.bture.mongodb.net:27017 
24-12-07 07:32:31.853 [cluster-ClusterId{value='6753d5596f5fe30b5d3ba15a', description='null'}-cluster0-shard-00-00.bture.mongodb.net:27017] INFO  org.mongodb.driver.connection - Opened connection [connectionId{localValue:162, serverValue:343743}] to cluster0-shard-00-00.bture.mongodb.net:27017 
24-12-07 07:32:34.746 [cluster-ClusterId{value='6753d5596f5fe30b5d3ba15a', description='null'}-cluster0-shard-00-00.bture.mongodb.net:27017] INFO  org.mongodb.driver.cluster - Monitor thread successfully connected to server with description ServerDescription{address=cluster0-shard-00-00.bture.mongodb.net:27017, type=REPLICA_SET_SECONDARY, state=CONNECTED, ok=true, minWireVersion=0, maxWireVersion=25, maxDocumentSize=16777216, logicalSessionTimeoutMinutes=30, roundTripTimeNanos=2047556000, setName='atlas-p5w7l7-shard-0', canonicalAddress=cluster0-shard-00-00.bture.mongodb.net:27017, hosts=[cluster0-shard-00-00.bture.mongodb.net:27017, cluster0-shard-00-01.bture.mongodb.net:27017, cluster0-shard-00-02.bture.mongodb.net:27017], passives=[], arbiters=[], primary='cluster0-shard-00-01.bture.mongodb.net:27017', tagSet=TagSet{[Tag{name='availabilityZone', value='aps1-az1'}, Tag{name='diskState', value='READY'}, Tag{name='nodeType', value='ELECTABLE'}, Tag{name='provider', value='AWS'}, Tag{name='region', value='AP_SOUTH_1'}, Tag{name='workloadType', value='OPERATIONAL'}]}, electionId=null, setVersion=108, topologyVersion=TopologyVersion{processId=6748239eca5fad9a708a3e3b, counter=5}, lastWriteDate=Sat Dec 07 07:32:32 EST 2024, lastUpdateTimeNanos=116912547913600} 
24-12-07 07:32:29.602 [cluster-rtt-ClusterId{value='6753d5596f5fe30b5d3ba15a', description='null'}-cluster0-shard-00-02.bture.mongodb.net:27017] INFO  org.mongodb.driver.connection - Opened connection [connectionId{localValue:154, serverValue:342660}] to cluster0-shard-00-02.bture.mongodb.net:27017 
24-12-07 07:32:29.603 [cluster-rtt-ClusterId{value='6753d5596f5fe30b5d3ba15a', description='null'}-cluster0-shard-00-01.bture.mongodb.net:27017] INFO  org.mongodb.driver.connection - Opened connection [connectionId{localValue:161, serverValue:388487}] to cluster0-shard-00-01.bture.mongodb.net:27017 
24-12-07 07:32:36.031 [scheduling-1] INFO  org.mongodb.driver.connection - Opened connection [connectionId{localValue:163, serverValue:388468}] to cluster0-shard-00-01.bture.mongodb.net:27017 
24-12-07 07:32:40.100 [cluster-rtt-ClusterId{value='6753d5596f5fe30b5d3ba15a', description='null'}-cluster0-shard-00-00.bture.mongodb.net:27017] INFO  org.mongodb.driver.connection - Opened connection [connectionId{localValue:164, serverValue:343746}] to cluster0-shard-00-00.bture.mongodb.net:27017 
